2020-12-21 18:09:45 INFO:log:Empezamos la app...
2020-12-21 18:09:45 INFO:log:Leyendo el config...
2020-12-21 18:09:45 INFO:log:Config leido.
2020-12-21 18:09:45 INFO:log:Config leido.
2020-12-21 18:09:45 INFO:log:Leyendo los datos...
2020-12-21 18:09:45 INFO:log:Datos leidos.
2020-12-21 18:09:45 INFO:log:Procesando los datos...
2020-12-21 18:09:46 ERROR:log:Error - Para el año y país seleccionado la variable a imputar contiene información. Por favor, verifica los datos introducidos en el config.
2020-12-21 18:09:46 ERROR:log:La aplicacion ha petado...
2020-12-21 18:09:46 INFO:log:Fin de la ejecucion.
2020-12-21 18:11:35 INFO:log:Empezamos la app...
2020-12-21 18:11:36 INFO:log:Leyendo el config...
2020-12-21 18:12:15 INFO:log:Config leido.
2020-12-21 18:16:06 INFO:log:Config leido.
2020-12-21 18:16:07 INFO:log:Leyendo los datos...
2020-12-21 18:20:30 INFO:log:Datos leidos.
2020-12-21 18:20:31 INFO:log:Procesando los datos...
2020-12-21 18:24:41 INFO:log:Empezamos la app...
2020-12-21 18:24:41 INFO:log:Leyendo el config...
2020-12-21 18:24:41 INFO:log:Config leido.
2020-12-21 18:24:41 INFO:log:Config leido.
2020-12-21 18:24:41 INFO:log:Leyendo los datos...
2020-12-21 18:24:41 INFO:log:Datos leidos.
2020-12-21 18:24:41 INFO:log:Procesando los datos...
2020-12-21 18:28:02 INFO:log:Datos procesados.
2020-12-21 18:28:02 INFO:log:Generando modelo...
2020-12-21 18:28:04 INFO:log:Modelo Generado.
2020-12-21 18:28:04 INFO:log:Generando output...
2020-12-21 18:28:05 INFO:log:Output generado.
2020-12-21 18:28:05 INFO:log:Fin de la ejecucion.
2020-12-21 18:28:33 INFO:log:Empezamos la app...
2020-12-21 18:28:33 INFO:log:Leyendo el config...
2020-12-21 18:28:34 INFO:log:Config leido.
2020-12-21 18:28:35 INFO:log:Config leido.
2020-12-21 18:28:36 INFO:log:Leyendo los datos...
2020-12-21 18:28:37 INFO:log:Datos leidos.
2020-12-21 18:28:39 INFO:log:Procesando los datos...
2020-12-21 18:28:45 INFO:log:Datos procesados.
2020-12-21 18:28:46 INFO:log:Generando modelo...
2020-12-21 18:35:05 INFO:log:Modelo Generado.
2020-12-21 18:35:05 INFO:log:Generando output...
2020-12-21 18:35:41 INFO:log:Fin de la ejecucion.
2020-12-21 18:40:27 INFO:log:Empezamos la app...
2020-12-21 18:40:27 INFO:log:Leyendo el config...
2020-12-21 18:40:27 ERROR:log:La aplicacion ha petado...
2020-12-21 18:40:27 INFO:log:Fin de la ejecucion.
